  homework 4.cpp
d:\directx sdk\include\dxgitype.h(12): warning C4005: 'DXGI_STATUS_OCCLUDED': macro redefinition
  c:\program files (x86)\windows kits\10\include\10.0.17763.0\shared\winerror.h(55460): note: see previous definition of 'DXGI_STATUS_OCCLUDED'
d:\directx sdk\include\dxgitype.h(13): warning C4005: 'DXGI_STATUS_CLIPPED': macro redefinition
  c:\program files (x86)\windows kits\10\include\10.0.17763.0\shared\winerror.h(55469): note: see previous definition of 'DXGI_STATUS_CLIPPED'
d:\directx sdk\include\dxgitype.h(14): warning C4005: 'DXGI_STATUS_NO_REDIRECTION': macro redefinition
  c:\program files (x86)\windows kits\10\include\10.0.17763.0\shared\winerror.h(55478): note: see previous definition of 'DXGI_STATUS_NO_REDIRECTION'
d:\directx sdk\include\dxgitype.h(15): warning C4005: 'DXGI_STATUS_NO_DESKTOP_ACCESS': macro redefinition
  c:\program files (x86)\windows kits\10\include\10.0.17763.0\shared\winerror.h(55487): note: see previous definition of 'DXGI_STATUS_NO_DESKTOP_ACCESS'
d:\directx sdk\include\dxgitype.h(16): warning C4005: 'DXGI_STATUS_GRAPHICS_VIDPN_SOURCE_IN_USE': macro redefinition
  c:\program files (x86)\windows kits\10\include\10.0.17763.0\shared\winerror.h(55496): note: see previous definition of 'DXGI_STATUS_GRAPHICS_VIDPN_SOURCE_IN_USE'
d:\directx sdk\include\dxgitype.h(17): warning C4005: 'DXGI_STATUS_MODE_CHANGED': macro redefinition
  c:\program files (x86)\windows kits\10\include\10.0.17763.0\shared\winerror.h(55505): note: see previous definition of 'DXGI_STATUS_MODE_CHANGED'
d:\directx sdk\include\dxgitype.h(18): warning C4005: 'DXGI_STATUS_MODE_CHANGE_IN_PROGRESS': macro redefinition
  c:\program files (x86)\windows kits\10\include\10.0.17763.0\shared\winerror.h(55514): note: see previous definition of 'DXGI_STATUS_MODE_CHANGE_IN_PROGRESS'
d:\directx sdk\include\dxgitype.h(21): warning C4005: 'DXGI_ERROR_INVALID_CALL': macro redefinition
  c:\program files (x86)\windows kits\10\include\10.0.17763.0\shared\winerror.h(55529): note: see previous definition of 'DXGI_ERROR_INVALID_CALL'
d:\directx sdk\include\dxgitype.h(22): warning C4005: 'DXGI_ERROR_NOT_FOUND': macro redefinition
  c:\program files (x86)\windows kits\10\include\10.0.17763.0\shared\winerror.h(55538): note: see previous definition of 'DXGI_ERROR_NOT_FOUND'
d:\directx sdk\include\dxgitype.h(23): warning C4005: 'DXGI_ERROR_MORE_DATA': macro redefinition
  c:\program files (x86)\windows kits\10\include\10.0.17763.0\shared\winerror.h(55547): note: see previous definition of 'DXGI_ERROR_MORE_DATA'
d:\directx sdk\include\dxgitype.h(24): warning C4005: 'DXGI_ERROR_UNSUPPORTED': macro redefinition
  c:\program files (x86)\windows kits\10\include\10.0.17763.0\shared\winerror.h(55556): note: see previous definition of 'DXGI_ERROR_UNSUPPORTED'
d:\directx sdk\include\dxgitype.h(25): warning C4005: 'DXGI_ERROR_DEVICE_REMOVED': macro redefinition
  c:\program files (x86)\windows kits\10\include\10.0.17763.0\shared\winerror.h(55565): note: see previous definition of 'DXGI_ERROR_DEVICE_REMOVED'
d:\directx sdk\include\dxgitype.h(26): warning C4005: 'DXGI_ERROR_DEVICE_HUNG': macro redefinition
  c:\program files (x86)\windows kits\10\include\10.0.17763.0\shared\winerror.h(55574): note: see previous definition of 'DXGI_ERROR_DEVICE_HUNG'
d:\directx sdk\include\dxgitype.h(27): warning C4005: 'DXGI_ERROR_DEVICE_RESET': macro redefinition
  c:\program files (x86)\windows kits\10\include\10.0.17763.0\shared\winerror.h(55584): note: see previous definition of 'DXGI_ERROR_DEVICE_RESET'
d:\directx sdk\include\dxgitype.h(28): warning C4005: 'DXGI_ERROR_WAS_STILL_DRAWING': macro redefinition
  c:\program files (x86)\windows kits\10\include\10.0.17763.0\shared\winerror.h(55593): note: see previous definition of 'DXGI_ERROR_WAS_STILL_DRAWING'
d:\directx sdk\include\dxgitype.h(29): warning C4005: 'DXGI_ERROR_FRAME_STATISTICS_DISJOINT': macro redefinition
  c:\program files (x86)\windows kits\10\include\10.0.17763.0\shared\winerror.h(55603): note: see previous definition of 'DXGI_ERROR_FRAME_STATISTICS_DISJOINT'
d:\directx sdk\include\dxgitype.h(30): warning C4005: 'DXGI_ERROR_GRAPHICS_VIDPN_SOURCE_IN_USE': macro redefinition
  c:\program files (x86)\windows kits\10\include\10.0.17763.0\shared\winerror.h(55612): note: see previous definition of 'DXGI_ERROR_GRAPHICS_VIDPN_SOURCE_IN_USE'
d:\directx sdk\include\dxgitype.h(31): warning C4005: 'DXGI_ERROR_DRIVER_INTERNAL_ERROR': macro redefinition
  c:\program files (x86)\windows kits\10\include\10.0.17763.0\shared\winerror.h(55622): note: see previous definition of 'DXGI_ERROR_DRIVER_INTERNAL_ERROR'
d:\directx sdk\include\dxgitype.h(32): warning C4005: 'DXGI_ERROR_NONEXCLUSIVE': macro redefinition
  c:\program files (x86)\windows kits\10\include\10.0.17763.0\shared\winerror.h(55631): note: see previous definition of 'DXGI_ERROR_NONEXCLUSIVE'
d:\directx sdk\include\dxgitype.h(33): warning C4005: 'DXGI_ERROR_NOT_CURRENTLY_AVAILABLE': macro redefinition
  c:\program files (x86)\windows kits\10\include\10.0.17763.0\shared\winerror.h(55640): note: see previous definition of 'DXGI_ERROR_NOT_CURRENTLY_AVAILABLE'
d:\directx sdk\include\dxgitype.h(34): warning C4005: 'DXGI_ERROR_REMOTE_CLIENT_DISCONNECTED': macro redefinition
  c:\program files (x86)\windows kits\10\include\10.0.17763.0\shared\winerror.h(55650): note: see previous definition of 'DXGI_ERROR_REMOTE_CLIENT_DISCONNECTED'
d:\directx sdk\include\dxgitype.h(35): warning C4005: 'DXGI_ERROR_REMOTE_OUTOFMEMORY': macro redefinition
  c:\program files (x86)\windows kits\10\include\10.0.17763.0\shared\winerror.h(55659): note: see previous definition of 'DXGI_ERROR_REMOTE_OUTOFMEMORY'
d:\directx sdk\include\d3d11.h(917): warning C4005: 'D3D11_ERROR_TOO_MANY_UNIQUE_STATE_OBJECTS': macro redefinition
  c:\program files (x86)\windows kits\10\include\10.0.17763.0\shared\winerror.h(55923): note: see previous definition of 'D3D11_ERROR_TOO_MANY_UNIQUE_STATE_OBJECTS'
d:\directx sdk\include\d3d11.h(918): warning C4005: 'D3D11_ERROR_FILE_NOT_FOUND': macro redefinition
  c:\program files (x86)\windows kits\10\include\10.0.17763.0\shared\winerror.h(55932): note: see previous definition of 'D3D11_ERROR_FILE_NOT_FOUND'
d:\directx sdk\include\d3d11.h(919): warning C4005: 'D3D11_ERROR_TOO_MANY_UNIQUE_VIEW_OBJECTS': macro redefinition
  c:\program files (x86)\windows kits\10\include\10.0.17763.0\shared\winerror.h(55942): note: see previous definition of 'D3D11_ERROR_TOO_MANY_UNIQUE_VIEW_OBJECTS'
d:\directx sdk\include\d3d11.h(920): warning C4005: 'D3D11_ERROR_DEFERRED_CONTEXT_MAP_WITHOUT_INITIAL_DISCARD': macro redefinition
  c:\program files (x86)\windows kits\10\include\10.0.17763.0\shared\winerror.h(55951): note: see previous definition of 'D3D11_ERROR_DEFERRED_CONTEXT_MAP_WITHOUT_INITIAL_DISCARD'
d:\directx sdk\include\d3d10.h(608): warning C4005: 'D3D10_ERROR_TOO_MANY_UNIQUE_STATE_OBJECTS': macro redefinition
  c:\program files (x86)\windows kits\10\include\10.0.17763.0\shared\winerror.h(55899): note: see previous definition of 'D3D10_ERROR_TOO_MANY_UNIQUE_STATE_OBJECTS'
d:\directx sdk\include\d3d10.h(609): warning C4005: 'D3D10_ERROR_FILE_NOT_FOUND': macro redefinition
  c:\program files (x86)\windows kits\10\include\10.0.17763.0\shared\winerror.h(55908): note: see previous definition of 'D3D10_ERROR_FILE_NOT_FOUND'
d:\directx sdk\include\xnamath.h(2662): warning C4838: conversion from 'unsigned int' to 'INT' requires a narrowing conversion
d:\directx sdk\include\xnamath.h(2663): warning C4838: conversion from 'unsigned int' to 'INT' requires a narrowing conversion
d:\directx sdk\include\xnamath.h(2664): warning C4838: conversion from 'unsigned int' to 'INT' requires a narrowing conversion
d:\directx sdk\include\xnamath.h(2665): warning C4838: conversion from 'unsigned int' to 'INT' requires a narrowing conversion
d:\directx sdk\include\xnamath.h(2666): warning C4838: conversion from 'unsigned int' to 'INT' requires a narrowing conversion
d:\directx sdk\include\xnamath.h(2667): warning C4838: conversion from 'unsigned int' to 'INT' requires a narrowing conversion
d:\directx sdk\include\xnamath.h(2668): warning C4838: conversion from 'unsigned int' to 'INT' requires a narrowing conversion
d:\directx sdk\include\xnamath.h(2689): warning C4838: conversion from 'unsigned int' to 'INT' requires a narrowing conversion
d:\directx sdk\include\xnamath.h(2690): warning C4838: conversion from 'unsigned int' to 'INT' requires a narrowing conversion
d:\directx sdk\include\xnamath.h(2691): warning C4838: conversion from 'unsigned int' to 'INT' requires a narrowing conversion
d:\directx sdk\include\xnamath.h(2694): warning C4838: conversion from 'unsigned int' to 'INT' requires a narrowing conversion
d:\directx sdk\include\xnamath.h(2695): warning C4838: conversion from 'unsigned int' to 'INT' requires a narrowing conversion
d:\directx sdk\include\xnamath.h(2698): warning C4838: conversion from 'unsigned int' to 'INT' requires a narrowing conversion
d:\directx sdk\include\xnamath.h(2702): warning C4838: conversion from 'unsigned int' to 'INT' requires a narrowing conversion
d:\directx sdk\include\xnamath.h(2712): warning C4838: conversion from 'unsigned int' to 'INT' requires a narrowing conversion
d:\directx sdk\include\xnamath.h(2713): warning C4838: conversion from 'unsigned int' to 'INT' requires a narrowing conversion
d:\directx sdk\include\xnamath.h(2715): warning C4838: conversion from 'unsigned int' to 'INT' requires a narrowing conversion
d:\directx sdk\include\xnamath.h(2716): warning C4838: conversion from 'unsigned int' to 'INT' requires a narrowing conversion
d:\directx sdk\include\xnamath.h(2717): warning C4838: conversion from 'unsigned int' to 'INT' requires a narrowing conversion
d:\directx sdk\include\xnamath.h(2727): warning C4838: conversion from 'unsigned int' to 'INT' requires a narrowing conversion
d:\directx sdk\include\xnamath.h(2728): warning C4838: conversion from 'unsigned int' to 'INT' requires a narrowing conversion
d:\directx sdk\include\xnamath.h(2729): warning C4838: conversion from 'unsigned int' to 'INT' requires a narrowing conversion
d:\directx sdk\include\xnamath.h(2730): warning C4838: conversion from 'unsigned int' to 'INT' requires a narrowing conversion
d:\directx sdk\include\xnamath.h(2731): warning C4838: conversion from 'unsigned int' to 'INT' requires a narrowing conversion
d:\directx sdk\include\xnamath.h(2732): warning C4838: conversion from 'unsigned int' to 'INT' requires a narrowing conversion
d:\directx sdk\include\xnamath.h(2742): warning C4838: conversion from 'unsigned int' to 'INT' requires a narrowing conversion
d:\directx sdk\include\xnamath.h(2743): warning C4838: conversion from 'unsigned int' to 'INT' requires a narrowing conversion
d:\directx sdk\include\xnamath.h(2754): warning C4838: conversion from 'unsigned int' to 'INT' requires a narrowing conversion
d:\directx sdk\include\xnamathconvert.inl(2254): warning C4838: conversion from 'unsigned int' to 'INT' requires a narrowing conversion
d:\directx sdk\include\xnamathconvert.inl(4523): warning C4838: conversion from 'unsigned int' to 'INT' requires a narrowing conversion
d:\directx sdk\include\xnamathconvert.inl(4577): warning C4838: conversion from 'unsigned int' to 'INT' requires a narrowing conversion
d:\directx sdk\include\xnamathconvert.inl(4639): warning C4838: conversion from 'unsigned int' to 'INT' requires a narrowing conversion
d:\directx sdk\include\xnamathconvert.inl(4707): warning C4838: conversion from 'unsigned int' to 'INT' requires a narrowing conversion
d:\directx sdk\include\xnamathconvert.inl(4770): warning C4838: conversion from 'unsigned int' to 'INT' requires a narrowing conversion
d:\directx sdk\include\xnamathconvert.inl(4832): warning C4838: conversion from 'unsigned int' to 'INT' requires a narrowing conversion
d:\directx sdk\include\xnamathvector.inl(1269): warning C4838: conversion from 'unsigned int' to 'INT' requires a narrowing conversion
d:\directx sdk\include\xnamathmisc.inl(518): warning C4838: conversion from 'unsigned int' to 'INT' requires a narrowing conversion
d:\directx sdk\include\xnamathmisc.inl(519): warning C4838: conversion from 'unsigned int' to 'INT' requires a narrowing conversion
d:\media\projects\directx\solarsystem\groundwork.h(61): warning C4552: '/': result of expression not used
d:\media\projects\directx\solarsystem\groundwork.h(95): warning C4100: 'ViewMatrix': unreferenced formal parameter
d:\media\projects\directx\solarsystem\groundwork.h(238): warning C4244: 'argument': conversion from 'int' to 'FLOAT', possible loss of data
d:\media\projects\directx\solarsystem\groundwork.h(240): warning C4244: 'argument': conversion from 'int' to 'FLOAT', possible loss of data
d:\media\projects\directx\solarsystem\groundwork.h(242): warning C4244: 'argument': conversion from 'int' to 'FLOAT', possible loss of data
d:\media\projects\directx\solarsystem\groundwork.h(244): warning C4244: 'argument': conversion from 'int' to 'FLOAT', possible loss of data
d:\media\projects\directx\solarsystem\groundwork.h(249): warning C4244: 'argument': conversion from 'int' to 'FLOAT', possible loss of data
d:\media\projects\directx\solarsystem\groundwork.h(254): warning C4244: 'argument': conversion from 'int' to 'FLOAT', possible loss of data
d:\media\projects\directx\solarsystem\groundwork.h(287): warning C4018: '>=': signed/unsigned mismatch
d:\media\projects\directx\solarsystem\groundwork.h(292): warning C4018: '>=': signed/unsigned mismatch
d:\media\projects\directx\solarsystem\groundwork.h(312): warning C4018: '<': signed/unsigned mismatch
d:\media\projects\directx\solarsystem\groundwork.h(316): warning C4018: '>=': signed/unsigned mismatch
d:\media\projects\directx\solarsystem\groundwork.h(362): warning C4244: 'initializing': conversion from 'double' to 'float', possible loss of data
d:\media\projects\directx\solarsystem\groundwork.h(378): warning C4244: '-=': conversion from 'double' to 'FLOAT', possible loss of data
d:\media\projects\directx\solarsystem\groundwork.h(379): warning C4244: '-=': conversion from 'double' to 'FLOAT', possible loss of data
d:\media\projects\directx\solarsystem\groundwork.h(380): warning C4244: '-=': conversion from 'double' to 'FLOAT', possible loss of data
d:\media\projects\directx\solarsystem\groundwork.h(384): warning C4244: '+=': conversion from 'double' to 'FLOAT', possible loss of data
d:\media\projects\directx\solarsystem\groundwork.h(385): warning C4244: '+=': conversion from 'double' to 'FLOAT', possible loss of data
d:\media\projects\directx\solarsystem\groundwork.h(386): warning C4244: '+=': conversion from 'double' to 'FLOAT', possible loss of data
d:\media\projects\directx\solarsystem\groundwork.h(415): warning C4244: '=': conversion from 'double' to 'FLOAT', possible loss of data
d:\media\projects\directx\solarsystem\groundwork.h(416): warning C4244: '=': conversion from 'double' to 'FLOAT', possible loss of data
d:\media\projects\directx\solarsystem\groundwork.h(417): warning C4244: '=': conversion from 'double' to 'FLOAT', possible loss of data
d:\media\projects\directx\solarsystem\homework 4.cpp(98): warning C4244: 'argument': conversion from 'time_t' to 'unsigned int', possible loss of data
d:\media\projects\directx\solarsystem\homework 4.cpp(357): warning C4189: 'vertices': local variable is initialized but not referenced
d:\media\projects\directx\solarsystem\homework 4.cpp(559): warning C4244: '=': conversion from 'double' to 'FLOAT', possible loss of data
d:\media\projects\directx\solarsystem\homework 4.cpp(555): warning C4100: 'keyFlags': unreferenced formal parameter
d:\media\projects\directx\solarsystem\homework 4.cpp(555): warning C4100: 'y': unreferenced formal parameter
d:\media\projects\directx\solarsystem\homework 4.cpp(555): warning C4100: 'x': unreferenced formal parameter
d:\media\projects\directx\solarsystem\homework 4.cpp(555): warning C4100: 'fDoubleClick': unreferenced formal parameter
d:\media\projects\directx\solarsystem\homework 4.cpp(555): warning C4100: 'hwnd': unreferenced formal parameter
d:\media\projects\directx\solarsystem\homework 4.cpp(577): warning C4100: 'keyFlags': unreferenced formal parameter
d:\media\projects\directx\solarsystem\homework 4.cpp(577): warning C4100: 'y': unreferenced formal parameter
d:\media\projects\directx\solarsystem\homework 4.cpp(577): warning C4100: 'x': unreferenced formal parameter
d:\media\projects\directx\solarsystem\homework 4.cpp(577): warning C4100: 'fDoubleClick': unreferenced formal parameter
d:\media\projects\directx\solarsystem\homework 4.cpp(577): warning C4100: 'hwnd': unreferenced formal parameter
d:\media\projects\directx\solarsystem\homework 4.cpp(584): warning C4100: 'cRepeat': unreferenced formal parameter
d:\media\projects\directx\solarsystem\homework 4.cpp(584): warning C4100: 'ch': unreferenced formal parameter
d:\media\projects\directx\solarsystem\homework 4.cpp(584): warning C4100: 'hwnd': unreferenced formal parameter
d:\media\projects\directx\solarsystem\homework 4.cpp(591): warning C4100: 'keyFlags': unreferenced formal parameter
d:\media\projects\directx\solarsystem\homework 4.cpp(591): warning C4100: 'y': unreferenced formal parameter
d:\media\projects\directx\solarsystem\homework 4.cpp(591): warning C4100: 'x': unreferenced formal parameter
d:\media\projects\directx\solarsystem\homework 4.cpp(591): warning C4100: 'hwnd': unreferenced formal parameter
d:\media\projects\directx\solarsystem\homework 4.cpp(599): warning C4100: 'keyFlags': unreferenced formal parameter
d:\media\projects\directx\solarsystem\homework 4.cpp(599): warning C4100: 'y': unreferenced formal parameter
d:\media\projects\directx\solarsystem\homework 4.cpp(599): warning C4100: 'x': unreferenced formal parameter
d:\media\projects\directx\solarsystem\homework 4.cpp(599): warning C4100: 'hwnd': unreferenced formal parameter
d:\media\projects\directx\solarsystem\homework 4.cpp(639): warning C4244: 'initializing': conversion from 'double' to 'float', possible loss of data
d:\media\projects\directx\solarsystem\homework 4.cpp(640): warning C4244: 'initializing': conversion from 'double' to 'float', possible loss of data
d:\media\projects\directx\solarsystem\homework 4.cpp(651): warning C4100: 'lpCreateStruct': unreferenced formal parameter
d:\media\projects\directx\solarsystem\homework 4.cpp(666): warning C4100: 'id': unreferenced formal parameter
d:\media\projects\directx\solarsystem\homework 4.cpp(666): warning C4100: 'hwnd': unreferenced formal parameter
d:\media\projects\directx\solarsystem\homework 4.cpp(671): warning C4100: 'flags': unreferenced formal parameter
d:\media\projects\directx\solarsystem\homework 4.cpp(671): warning C4100: 'cRepeat': unreferenced formal parameter
d:\media\projects\directx\solarsystem\homework 4.cpp(671): warning C4100: 'fDown': unreferenced formal parameter
d:\media\projects\directx\solarsystem\homework 4.cpp(671): warning C4100: 'hwnd': unreferenced formal parameter
d:\media\projects\directx\solarsystem\homework 4.cpp(694): warning C4100: 'flags': unreferenced formal parameter
d:\media\projects\directx\solarsystem\homework 4.cpp(694): warning C4100: 'cRepeat': unreferenced formal parameter
d:\media\projects\directx\solarsystem\homework 4.cpp(694): warning C4100: 'fDown': unreferenced formal parameter
d:\media\projects\directx\solarsystem\homework 4.cpp(694): warning C4100: 'hwnd': unreferenced formal parameter
d:\media\projects\directx\solarsystem\homework 4.cpp(819): warning C4244: '+=': conversion from 'double' to 'float', possible loss of data
d:\media\projects\directx\solarsystem\homework 4.cpp(827): warning C4018: '<': signed/unsigned mismatch
d:\media\projects\directx\solarsystem\homework 4.cpp(846): warning C4244: '=': conversion from 'double' to 'float', possible loss of data
d:\media\projects\directx\solarsystem\homework 4.cpp(854): warning C4244: 'initializing': conversion from 'long double' to 'long', possible loss of data
d:\media\projects\directx\solarsystem\homework 4.cpp(871): warning C4244: 'argument': conversion from 'long' to 'float', possible loss of data
d:\media\projects\directx\solarsystem\homework 4.cpp(887): warning C4244: 'argument': conversion from 'long' to 'float', possible loss of data
d:\media\projects\directx\solarsystem\homework 4.cpp(893): warning C4244: '+=': conversion from 'double' to 'float', possible loss of data
d:\media\projects\directx\solarsystem\homework 4.cpp(897): warning C4244: 'initializing': conversion from 'double' to 'float', possible loss of data
  load3ds.cpp
d:\directx sdk\include\dxgitype.h(12): warning C4005: 'DXGI_STATUS_OCCLUDED': macro redefinition
  c:\program files (x86)\windows kits\10\include\10.0.17763.0\shared\winerror.h(55460): note: see previous definition of 'DXGI_STATUS_OCCLUDED'
d:\directx sdk\include\dxgitype.h(13): warning C4005: 'DXGI_STATUS_CLIPPED': macro redefinition
  c:\program files (x86)\windows kits\10\include\10.0.17763.0\shared\winerror.h(55469): note: see previous definition of 'DXGI_STATUS_CLIPPED'
d:\directx sdk\include\dxgitype.h(14): warning C4005: 'DXGI_STATUS_NO_REDIRECTION': macro redefinition
  c:\program files (x86)\windows kits\10\include\10.0.17763.0\shared\winerror.h(55478): note: see previous definition of 'DXGI_STATUS_NO_REDIRECTION'
d:\directx sdk\include\dxgitype.h(15): warning C4005: 'DXGI_STATUS_NO_DESKTOP_ACCESS': macro redefinition
  c:\program files (x86)\windows kits\10\include\10.0.17763.0\shared\winerror.h(55487): note: see previous definition of 'DXGI_STATUS_NO_DESKTOP_ACCESS'
d:\directx sdk\include\dxgitype.h(16): warning C4005: 'DXGI_STATUS_GRAPHICS_VIDPN_SOURCE_IN_USE': macro redefinition
  c:\program files (x86)\windows kits\10\include\10.0.17763.0\shared\winerror.h(55496): note: see previous definition of 'DXGI_STATUS_GRAPHICS_VIDPN_SOURCE_IN_USE'
d:\directx sdk\include\dxgitype.h(17): warning C4005: 'DXGI_STATUS_MODE_CHANGED': macro redefinition
  c:\program files (x86)\windows kits\10\include\10.0.17763.0\shared\winerror.h(55505): note: see previous definition of 'DXGI_STATUS_MODE_CHANGED'
d:\directx sdk\include\dxgitype.h(18): warning C4005: 'DXGI_STATUS_MODE_CHANGE_IN_PROGRESS': macro redefinition
  c:\program files (x86)\windows kits\10\include\10.0.17763.0\shared\winerror.h(55514): note: see previous definition of 'DXGI_STATUS_MODE_CHANGE_IN_PROGRESS'
d:\directx sdk\include\dxgitype.h(21): warning C4005: 'DXGI_ERROR_INVALID_CALL': macro redefinition
  c:\program files (x86)\windows kits\10\include\10.0.17763.0\shared\winerror.h(55529): note: see previous definition of 'DXGI_ERROR_INVALID_CALL'
d:\directx sdk\include\dxgitype.h(22): warning C4005: 'DXGI_ERROR_NOT_FOUND': macro redefinition
  c:\program files (x86)\windows kits\10\include\10.0.17763.0\shared\winerror.h(55538): note: see previous definition of 'DXGI_ERROR_NOT_FOUND'
d:\directx sdk\include\dxgitype.h(23): warning C4005: 'DXGI_ERROR_MORE_DATA': macro redefinition
  c:\program files (x86)\windows kits\10\include\10.0.17763.0\shared\winerror.h(55547): note: see previous definition of 'DXGI_ERROR_MORE_DATA'
d:\directx sdk\include\dxgitype.h(24): warning C4005: 'DXGI_ERROR_UNSUPPORTED': macro redefinition
  c:\program files (x86)\windows kits\10\include\10.0.17763.0\shared\winerror.h(55556): note: see previous definition of 'DXGI_ERROR_UNSUPPORTED'
d:\directx sdk\include\dxgitype.h(25): warning C4005: 'DXGI_ERROR_DEVICE_REMOVED': macro redefinition
  c:\program files (x86)\windows kits\10\include\10.0.17763.0\shared\winerror.h(55565): note: see previous definition of 'DXGI_ERROR_DEVICE_REMOVED'
d:\directx sdk\include\dxgitype.h(26): warning C4005: 'DXGI_ERROR_DEVICE_HUNG': macro redefinition
  c:\program files (x86)\windows kits\10\include\10.0.17763.0\shared\winerror.h(55574): note: see previous definition of 'DXGI_ERROR_DEVICE_HUNG'
d:\directx sdk\include\dxgitype.h(27): warning C4005: 'DXGI_ERROR_DEVICE_RESET': macro redefinition
  c:\program files (x86)\windows kits\10\include\10.0.17763.0\shared\winerror.h(55584): note: see previous definition of 'DXGI_ERROR_DEVICE_RESET'
d:\directx sdk\include\dxgitype.h(28): warning C4005: 'DXGI_ERROR_WAS_STILL_DRAWING': macro redefinition
  c:\program files (x86)\windows kits\10\include\10.0.17763.0\shared\winerror.h(55593): note: see previous definition of 'DXGI_ERROR_WAS_STILL_DRAWING'
d:\directx sdk\include\dxgitype.h(29): warning C4005: 'DXGI_ERROR_FRAME_STATISTICS_DISJOINT': macro redefinition
  c:\program files (x86)\windows kits\10\include\10.0.17763.0\shared\winerror.h(55603): note: see previous definition of 'DXGI_ERROR_FRAME_STATISTICS_DISJOINT'
d:\directx sdk\include\dxgitype.h(30): warning C4005: 'DXGI_ERROR_GRAPHICS_VIDPN_SOURCE_IN_USE': macro redefinition
  c:\program files (x86)\windows kits\10\include\10.0.17763.0\shared\winerror.h(55612): note: see previous definition of 'DXGI_ERROR_GRAPHICS_VIDPN_SOURCE_IN_USE'
d:\directx sdk\include\dxgitype.h(31): warning C4005: 'DXGI_ERROR_DRIVER_INTERNAL_ERROR': macro redefinition
  c:\program files (x86)\windows kits\10\include\10.0.17763.0\shared\winerror.h(55622): note: see previous definition of 'DXGI_ERROR_DRIVER_INTERNAL_ERROR'
d:\directx sdk\include\dxgitype.h(32): warning C4005: 'DXGI_ERROR_NONEXCLUSIVE': macro redefinition
  c:\program files (x86)\windows kits\10\include\10.0.17763.0\shared\winerror.h(55631): note: see previous definition of 'DXGI_ERROR_NONEXCLUSIVE'
d:\directx sdk\include\dxgitype.h(33): warning C4005: 'DXGI_ERROR_NOT_CURRENTLY_AVAILABLE': macro redefinition
  c:\program files (x86)\windows kits\10\include\10.0.17763.0\shared\winerror.h(55640): note: see previous definition of 'DXGI_ERROR_NOT_CURRENTLY_AVAILABLE'
d:\directx sdk\include\dxgitype.h(34): warning C4005: 'DXGI_ERROR_REMOTE_CLIENT_DISCONNECTED': macro redefinition
  c:\program files (x86)\windows kits\10\include\10.0.17763.0\shared\winerror.h(55650): note: see previous definition of 'DXGI_ERROR_REMOTE_CLIENT_DISCONNECTED'
d:\directx sdk\include\dxgitype.h(35): warning C4005: 'DXGI_ERROR_REMOTE_OUTOFMEMORY': macro redefinition
  c:\program files (x86)\windows kits\10\include\10.0.17763.0\shared\winerror.h(55659): note: see previous definition of 'DXGI_ERROR_REMOTE_OUTOFMEMORY'
d:\directx sdk\include\d3d11.h(917): warning C4005: 'D3D11_ERROR_TOO_MANY_UNIQUE_STATE_OBJECTS': macro redefinition
  c:\program files (x86)\windows kits\10\include\10.0.17763.0\shared\winerror.h(55923): note: see previous definition of 'D3D11_ERROR_TOO_MANY_UNIQUE_STATE_OBJECTS'
d:\directx sdk\include\d3d11.h(918): warning C4005: 'D3D11_ERROR_FILE_NOT_FOUND': macro redefinition
  c:\program files (x86)\windows kits\10\include\10.0.17763.0\shared\winerror.h(55932): note: see previous definition of 'D3D11_ERROR_FILE_NOT_FOUND'
d:\directx sdk\include\d3d11.h(919): warning C4005: 'D3D11_ERROR_TOO_MANY_UNIQUE_VIEW_OBJECTS': macro redefinition
  c:\program files (x86)\windows kits\10\include\10.0.17763.0\shared\winerror.h(55942): note: see previous definition of 'D3D11_ERROR_TOO_MANY_UNIQUE_VIEW_OBJECTS'
d:\directx sdk\include\d3d11.h(920): warning C4005: 'D3D11_ERROR_DEFERRED_CONTEXT_MAP_WITHOUT_INITIAL_DISCARD': macro redefinition
  c:\program files (x86)\windows kits\10\include\10.0.17763.0\shared\winerror.h(55951): note: see previous definition of 'D3D11_ERROR_DEFERRED_CONTEXT_MAP_WITHOUT_INITIAL_DISCARD'
d:\directx sdk\include\d3d10.h(608): warning C4005: 'D3D10_ERROR_TOO_MANY_UNIQUE_STATE_OBJECTS': macro redefinition
  c:\program files (x86)\windows kits\10\include\10.0.17763.0\shared\winerror.h(55899): note: see previous definition of 'D3D10_ERROR_TOO_MANY_UNIQUE_STATE_OBJECTS'
d:\directx sdk\include\d3d10.h(609): warning C4005: 'D3D10_ERROR_FILE_NOT_FOUND': macro redefinition
  c:\program files (x86)\windows kits\10\include\10.0.17763.0\shared\winerror.h(55908): note: see previous definition of 'D3D10_ERROR_FILE_NOT_FOUND'
d:\directx sdk\include\xnamath.h(2662): warning C4838: conversion from 'unsigned int' to 'INT' requires a narrowing conversion
d:\directx sdk\include\xnamath.h(2663): warning C4838: conversion from 'unsigned int' to 'INT' requires a narrowing conversion
d:\directx sdk\include\xnamath.h(2664): warning C4838: conversion from 'unsigned int' to 'INT' requires a narrowing conversion
d:\directx sdk\include\xnamath.h(2665): warning C4838: conversion from 'unsigned int' to 'INT' requires a narrowing conversion
d:\directx sdk\include\xnamath.h(2666): warning C4838: conversion from 'unsigned int' to 'INT' requires a narrowing conversion
d:\directx sdk\include\xnamath.h(2667): warning C4838: conversion from 'unsigned int' to 'INT' requires a narrowing conversion
d:\directx sdk\include\xnamath.h(2668): warning C4838: conversion from 'unsigned int' to 'INT' requires a narrowing conversion
d:\directx sdk\include\xnamath.h(2689): warning C4838: conversion from 'unsigned int' to 'INT' requires a narrowing conversion
d:\directx sdk\include\xnamath.h(2690): warning C4838: conversion from 'unsigned int' to 'INT' requires a narrowing conversion
d:\directx sdk\include\xnamath.h(2691): warning C4838: conversion from 'unsigned int' to 'INT' requires a narrowing conversion
d:\directx sdk\include\xnamath.h(2694): warning C4838: conversion from 'unsigned int' to 'INT' requires a narrowing conversion
d:\directx sdk\include\xnamath.h(2695): warning C4838: conversion from 'unsigned int' to 'INT' requires a narrowing conversion
d:\directx sdk\include\xnamath.h(2698): warning C4838: conversion from 'unsigned int' to 'INT' requires a narrowing conversion
d:\directx sdk\include\xnamath.h(2702): warning C4838: conversion from 'unsigned int' to 'INT' requires a narrowing conversion
d:\directx sdk\include\xnamath.h(2712): warning C4838: conversion from 'unsigned int' to 'INT' requires a narrowing conversion
d:\directx sdk\include\xnamath.h(2713): warning C4838: conversion from 'unsigned int' to 'INT' requires a narrowing conversion
d:\directx sdk\include\xnamath.h(2715): warning C4838: conversion from 'unsigned int' to 'INT' requires a narrowing conversion
d:\directx sdk\include\xnamath.h(2716): warning C4838: conversion from 'unsigned int' to 'INT' requires a narrowing conversion
d:\directx sdk\include\xnamath.h(2717): warning C4838: conversion from 'unsigned int' to 'INT' requires a narrowing conversion
d:\directx sdk\include\xnamath.h(2727): warning C4838: conversion from 'unsigned int' to 'INT' requires a narrowing conversion
d:\directx sdk\include\xnamath.h(2728): warning C4838: conversion from 'unsigned int' to 'INT' requires a narrowing conversion
d:\directx sdk\include\xnamath.h(2729): warning C4838: conversion from 'unsigned int' to 'INT' requires a narrowing conversion
d:\directx sdk\include\xnamath.h(2730): warning C4838: conversion from 'unsigned int' to 'INT' requires a narrowing conversion
d:\directx sdk\include\xnamath.h(2731): warning C4838: conversion from 'unsigned int' to 'INT' requires a narrowing conversion
d:\directx sdk\include\xnamath.h(2732): warning C4838: conversion from 'unsigned int' to 'INT' requires a narrowing conversion
d:\directx sdk\include\xnamath.h(2742): warning C4838: conversion from 'unsigned int' to 'INT' requires a narrowing conversion
d:\directx sdk\include\xnamath.h(2743): warning C4838: conversion from 'unsigned int' to 'INT' requires a narrowing conversion
d:\directx sdk\include\xnamath.h(2754): warning C4838: conversion from 'unsigned int' to 'INT' requires a narrowing conversion
d:\directx sdk\include\xnamathconvert.inl(2254): warning C4838: conversion from 'unsigned int' to 'INT' requires a narrowing conversion
d:\directx sdk\include\xnamathconvert.inl(4523): warning C4838: conversion from 'unsigned int' to 'INT' requires a narrowing conversion
d:\directx sdk\include\xnamathconvert.inl(4577): warning C4838: conversion from 'unsigned int' to 'INT' requires a narrowing conversion
d:\directx sdk\include\xnamathconvert.inl(4639): warning C4838: conversion from 'unsigned int' to 'INT' requires a narrowing conversion
d:\directx sdk\include\xnamathconvert.inl(4707): warning C4838: conversion from 'unsigned int' to 'INT' requires a narrowing conversion
d:\directx sdk\include\xnamathconvert.inl(4770): warning C4838: conversion from 'unsigned int' to 'INT' requires a narrowing conversion
d:\directx sdk\include\xnamathconvert.inl(4832): warning C4838: conversion from 'unsigned int' to 'INT' requires a narrowing conversion
d:\directx sdk\include\xnamathvector.inl(1269): warning C4838: conversion from 'unsigned int' to 'INT' requires a narrowing conversion
d:\directx sdk\include\xnamathmisc.inl(518): warning C4838: conversion from 'unsigned int' to 'INT' requires a narrowing conversion
d:\directx sdk\include\xnamathmisc.inl(519): warning C4838: conversion from 'unsigned int' to 'INT' requires a narrowing conversion
d:\media\projects\directx\solarsystem\groundwork.h(61): warning C4552: '/': result of expression not used
d:\media\projects\directx\solarsystem\groundwork.h(95): warning C4100: 'ViewMatrix': unreferenced formal parameter
d:\media\projects\directx\solarsystem\groundwork.h(238): warning C4244: 'argument': conversion from 'int' to 'FLOAT', possible loss of data
d:\media\projects\directx\solarsystem\groundwork.h(240): warning C4244: 'argument': conversion from 'int' to 'FLOAT', possible loss of data
d:\media\projects\directx\solarsystem\groundwork.h(242): warning C4244: 'argument': conversion from 'int' to 'FLOAT', possible loss of data
d:\media\projects\directx\solarsystem\groundwork.h(244): warning C4244: 'argument': conversion from 'int' to 'FLOAT', possible loss of data
d:\media\projects\directx\solarsystem\groundwork.h(249): warning C4244: 'argument': conversion from 'int' to 'FLOAT', possible loss of data
d:\media\projects\directx\solarsystem\groundwork.h(254): warning C4244: 'argument': conversion from 'int' to 'FLOAT', possible loss of data
d:\media\projects\directx\solarsystem\groundwork.h(287): warning C4018: '>=': signed/unsigned mismatch
d:\media\projects\directx\solarsystem\groundwork.h(292): warning C4018: '>=': signed/unsigned mismatch
d:\media\projects\directx\solarsystem\groundwork.h(312): warning C4018: '<': signed/unsigned mismatch
d:\media\projects\directx\solarsystem\groundwork.h(316): warning C4018: '>=': signed/unsigned mismatch
d:\media\projects\directx\solarsystem\groundwork.h(362): warning C4244: 'initializing': conversion from 'double' to 'float', possible loss of data
d:\media\projects\directx\solarsystem\groundwork.h(378): warning C4244: '-=': conversion from 'double' to 'FLOAT', possible loss of data
d:\media\projects\directx\solarsystem\groundwork.h(379): warning C4244: '-=': conversion from 'double' to 'FLOAT', possible loss of data
d:\media\projects\directx\solarsystem\groundwork.h(380): warning C4244: '-=': conversion from 'double' to 'FLOAT', possible loss of data
d:\media\projects\directx\solarsystem\groundwork.h(384): warning C4244: '+=': conversion from 'double' to 'FLOAT', possible loss of data
d:\media\projects\directx\solarsystem\groundwork.h(385): warning C4244: '+=': conversion from 'double' to 'FLOAT', possible loss of data
d:\media\projects\directx\solarsystem\groundwork.h(386): warning C4244: '+=': conversion from 'double' to 'FLOAT', possible loss of data
d:\media\projects\directx\solarsystem\groundwork.h(415): warning C4244: '=': conversion from 'double' to 'FLOAT', possible loss of data
d:\media\projects\directx\solarsystem\groundwork.h(416): warning C4244: '=': conversion from 'double' to 'FLOAT', possible loss of data
d:\media\projects\directx\solarsystem\groundwork.h(417): warning C4244: '=': conversion from 'double' to 'FLOAT', possible loss of data
d:\media\projects\directx\solarsystem\load3ds.cpp(144): warning C4456: declaration of 'i' hides previous local declaration
  d:\media\projects\directx\solarsystem\load3ds.cpp(30): note: see declaration of 'i'
d:\media\projects\directx\solarsystem\load3ds.cpp(241): warning C4018: '<': signed/unsigned mismatch
d:\media\projects\directx\solarsystem\load3ds.cpp(247): warning C4018: '<': signed/unsigned mismatch
d:\media\projects\directx\solarsystem\load3ds.cpp(31): warning C4996: 'fopen': This function or variable may be unsafe. Consider using fopen_s instead. To disable deprecation, use _CRT_SECURE_NO_WARNINGS. See online help for details.
  c:\program files (x86)\windows kits\10\include\10.0.17763.0\ucrt\stdio.h(208): note: see declaration of 'fopen'
d:\media\projects\directx\solarsystem\load3ds.cpp(46): warning C4996: 'filelength': The POSIX name for this item is deprecated. Instead, use the ISO C and C++ conformant name: _filelength. See online help for details.
  c:\program files (x86)\windows kits\10\include\10.0.17763.0\ucrt\corecrt_io.h(486): note: see declaration of 'filelength'
d:\media\projects\directx\solarsystem\load3ds.cpp(88): warning C4996: 'fscanf': This function or variable may be unsafe. Consider using fscanf_s instead. To disable deprecation, use _CRT_SECURE_NO_WARNINGS. See online help for details.
  c:\program files (x86)\windows kits\10\include\10.0.17763.0\ucrt\stdio.h(1197): note: see declaration of 'fscanf'
d:\media\projects\directx\solarsystem\load3ds.cpp(98): warning C4189: 'z': local variable is initialized but not referenced
  Generating Code...
homework 4.obj : warning LNK4075: ignoring '/EDITANDCONTINUE' due to '/SAFESEH' specification
  lecture 8_2010.vcxproj -> D:\Media\Projects\DirectX\SolarSystem\Debug\homework 4.exe
